
PLAY [all] *********************************************************************

TASK [Gathering Facts] *********************************************************
[WARNING]: Platform linux on host master-3 is using the discovered Python
interpreter at /usr/bin/python, but future installation of another Python
interpreter could change the meaning of that path. See https://docs.ansible.com
/ansible/2.10/reference_appendices/interpreter_discovery.html for more
information.
ok: [master-3]
[WARNING]: Platform linux on host node-5 is using the discovered Python
interpreter at /usr/bin/python3, but future installation of another Python
interpreter could change the meaning of that path. See https://docs.ansible.com
/ansible/2.10/reference_appendices/interpreter_discovery.html for more
information.
ok: [node-5]
[WARNING]: Platform linux on host docker-registry is using the discovered
Python interpreter at /usr/bin/python3, but future installation of another
Python interpreter could change the meaning of that path. See https://docs.ansi
ble.com/ansible/2.10/reference_appendices/interpreter_discovery.html for more
information.
ok: [docker-registry]
[WARNING]: Platform linux on host node-4 is using the discovered Python
interpreter at /usr/bin/python3, but future installation of another Python
interpreter could change the meaning of that path. See https://docs.ansible.com
/ansible/2.10/reference_appendices/interpreter_discovery.html for more
information.
ok: [node-4]
[WARNING]: Platform linux on host node-6 is using the discovered Python
interpreter at /usr/bin/python3, but future installation of another Python
interpreter could change the meaning of that path. See https://docs.ansible.com
/ansible/2.10/reference_appendices/interpreter_discovery.html for more
information.
ok: [node-6]
[WARNING]: Platform linux on host master-2 is using the discovered Python
interpreter at /usr/bin/python3, but future installation of another Python
interpreter could change the meaning of that path. See https://docs.ansible.com
/ansible/2.10/reference_appendices/interpreter_discovery.html for more
information.
ok: [master-2]
[WARNING]: Platform linux on host node-1 is using the discovered Python
interpreter at /usr/bin/python3, but future installation of another Python
interpreter could change the meaning of that path. See https://docs.ansible.com
/ansible/2.10/reference_appendices/interpreter_discovery.html for more
information.
ok: [node-1]
[WARNING]: Platform linux on host node-2 is using the discovered Python
interpreter at /usr/bin/python3, but future installation of another Python
interpreter could change the meaning of that path. See https://docs.ansible.com
/ansible/2.10/reference_appendices/interpreter_discovery.html for more
information.
ok: [node-2]
[WARNING]: Platform linux on host master-1 is using the discovered Python
interpreter at /usr/bin/python3.6, but future installation of another Python
interpreter could change the meaning of that path. See https://docs.ansible.com
/ansible/2.10/reference_appendices/interpreter_discovery.html for more
information.
ok: [master-1]
[WARNING]: Platform linux on host node-7 is using the discovered Python
interpreter at /usr/bin/python, but future installation of another Python
interpreter could change the meaning of that path. See https://docs.ansible.com
/ansible/2.10/reference_appendices/interpreter_discovery.html for more
information.
ok: [node-7]
[WARNING]: Platform linux on host node-3 is using the discovered Python
interpreter at /usr/bin/python3, but future installation of another Python
interpreter could change the meaning of that path. See https://docs.ansible.com
/ansible/2.10/reference_appendices/interpreter_discovery.html for more
information.
ok: [node-3]

TASK [prometheus : setup prometheus] *******************************************
skipping: [docker-registry]
skipping: [node-5]
skipping: [node-4]
skipping: [node-6]
skipping: [node-7]
skipping: [master-1]
skipping: [master-2]
skipping: [node-1]
skipping: [node-2]
skipping: [node-3]
included: /root/ansible/roles/prometheus/tasks/setup_prometheus.yaml for master-3

TASK [prometheus : copy prometheus charts] *************************************
ok: [master-3]

TASK [prometheus : install prometheus] *****************************************
changed: [master-3]

PLAY RECAP *********************************************************************
docker-registry            : ok=1    changed=0    unreachable=0    failed=0    skipped=1    rescued=0    ignored=0   
master-1                   : ok=1    changed=0    unreachable=0    failed=0    skipped=1    rescued=0    ignored=0   
master-2                   : ok=1    changed=0    unreachable=0    failed=0    skipped=1    rescued=0    ignored=0   
master-3                   : ok=4    changed=1    unreachable=0    failed=0    skipped=0    rescued=0    ignored=0   
node-1                     : ok=1    changed=0    unreachable=0    failed=0    skipped=1    rescued=0    ignored=0   
node-2                     : ok=1    changed=0    unreachable=0    failed=0    skipped=1    rescued=0    ignored=0   
node-3                     : ok=1    changed=0    unreachable=0    failed=0    skipped=1    rescued=0    ignored=0   
node-4                     : ok=1    changed=0    unreachable=0    failed=0    skipped=1    rescued=0    ignored=0   
node-5                     : ok=1    changed=0    unreachable=0    failed=0    skipped=1    rescued=0    ignored=0   
node-6                     : ok=1    changed=0    unreachable=0    failed=0    skipped=1    rescued=0    ignored=0   
node-7                     : ok=1    changed=0    unreachable=0    failed=0    skipped=1    rescued=0    ignored=0   

